<?xml version="1.0" encoding="UTF-8"?>
<!-- Generated by org.testng.reporters.JUnitReportReporter -->
<testsuite hostname="DESKTOP-JB72G3E" failures="0" tests="1" name="Practice.NetflixLaunch" time="0.011" errors="0" timestamp="2022-06-12T12:39:49 IST" skipped="0">
  <testcase classname="Practice.NetflixLaunch" name="Tc" time="0.011"/>
  <system-out/>
</testsuite> <!-- Practice.NetflixLaunch -->
