<?xml version="1.0" encoding="UTF-8"?>
<!-- Generated by org.testng.reporters.JUnitReportReporter -->
<testsuite hostname="DESKTOP-JB72G3E" failures="0" tests="1" name="Practice.LaunchingBrowserTest" time="5.563" errors="0" timestamp="2022-06-12T14:48:44 IST" skipped="0">
  <testcase classname="Practice.LaunchingBrowserTest" name="tc" time="5.563"/>
  <system-out/>
</testsuite> <!-- Practice.LaunchingBrowserTest -->
