<?xml version="1.0" encoding="UTF-8"?>
<!-- Generated by org.testng.reporters.JUnitReportReporter -->
<testsuite hostname="DESKTOP-JB72G3E" failures="0" tests="2" name="Data_Driven_Testing.RegistertodemoWebShop" time="57.337" errors="0" timestamp="2022-06-13T13:03:08 IST" skipped="0">
  <testcase classname="Data_Driven_Testing.RegistertodemoWebShop" name="Tc" time="42.019"/>
  <system-out/>
  <testcase classname="Data_Driven_Testing.RegistertodemoWebShop" name="Tc" time="15.318"/>
  <system-out/>
</testsuite> <!-- Data_Driven_Testing.RegistertodemoWebShop -->
